<?xml version="1.0" encoding="UTF-8"?>
<testng-results skipped="0" failed="0" total="0" passed="0">
  <reporter-output>
  </reporter-output>
  <suite name="Default suite" duration-ms="18213" started-at="2016-05-16T09:49:10Z" finished-at="2016-05-16T09:49:29Z">
    <groups>
    </groups>
    <test name="Default test" duration-ms="18213" started-at="2016-05-16T09:49:10Z" finished-at="2016-05-16T09:49:29Z">
      <class name="com.columbia.Login">
        <test-method status="PASS" signature="homepage()[pri:0, instance:com.columbia.Login@4d8e5d82]" name="homepage" is-config="true" duration-ms="18096" started-at="2016-05-16T15:19:10Z" finished-at="2016-05-16T15:19:29Z">
          <reporter-output>
          </reporter-output>
        </test-method> <!-- homepage -->
      </class> <!-- com.columbia.Login -->
    </test> <!-- Default test -->
  </suite> <!-- Default suite -->
</testng-results>
